[I 2024-10-19 18:41:18.592 ServerApp] jupyter_lsp | extension was successfully linked.
[I 2024-10-19 18:41:18.596 ServerApp] jupyter_server_terminals | extension was successfully linked.
[I 2024-10-19 18:41:18.600 ServerApp] jupyterlab | extension was successfully linked.
[I 2024-10-19 18:41:18.604 ServerApp] notebook | extension was successfully linked.
[I 2024-10-19 18:41:18.820 ServerApp] notebook_shim | extension was successfully linked.
[I 2024-10-19 18:41:18.833 ServerApp] notebook_shim | extension was successfully loaded.
[I 2024-10-19 18:41:18.834 ServerApp] jupyter_lsp | extension was successfully loaded.
[I 2024-10-19 18:41:18.835 ServerApp] jupyter_server_terminals | extension was successfully loaded.
[I 2024-10-19 18:41:18.836 LabApp] JupyterLab extension loaded from /home/azureuser/venv/lib/python3.11/site-packages/jupyterlab
[I 2024-10-19 18:41:18.836 LabApp] JupyterLab application directory is /home/azureuser/venv/share/jupyter/lab
[I 2024-10-19 18:41:18.837 LabApp] Extension Manager is 'pypi'.
[I 2024-10-19 18:41:18.874 ServerApp] jupyterlab | extension was successfully loaded.
[I 2024-10-19 18:41:18.877 ServerApp] notebook | extension was successfully loaded.
[I 2024-10-19 18:41:18.877 ServerApp] Serving notebooks from local directory: /home/azureuser
[I 2024-10-19 18:41:18.877 ServerApp] Jupyter Server 2.14.2 is running at:
[I 2024-10-19 18:41:18.877 ServerApp] http://KrakenDev:8888/tree?token=90b1d71fe058b49c827db89e89b4f6ecc04bc63287cf48a3
[I 2024-10-19 18:41:18.877 ServerApp]     http://127.0.0.1:8888/tree?token=90b1d71fe058b49c827db89e89b4f6ecc04bc63287cf48a3
[I 2024-10-19 18:41:18.877 ServerApp] Use Control-C to stop this server and shut down all kernels (twice to skip confirmation).
[C 2024-10-19 18:41:18.882 ServerApp] 
    
    To access the server, open this file in a browser:
        file:///home/azureuser/.local/share/jupyter/runtime/jpserver-16538-open.html
    Or copy and paste one of these URLs:
        http://KrakenDev:8888/tree?token=90b1d71fe058b49c827db89e89b4f6ecc04bc63287cf48a3
        http://127.0.0.1:8888/tree?token=90b1d71fe058b49c827db89e89b4f6ecc04bc63287cf48a3
gio: file:///home/azureuser/.local/share/jupyter/runtime/jpserver-16538-open.html: Failed to find default application for content type ‘text/html’
[I 2024-10-19 18:41:18.895 ServerApp] Skipped non-installed server(s): bash-language-server, dockerfile-language-server-nodejs, javascript-typescript-langserver, jedi-language-server, julia-language-server, pyright, python-language-server, python-lsp-server, r-languageserver, sql-language-server, texlab, typescript-language-server, unified-language-server, vscode-css-languageserver-bin, vscode-html-languageserver-bin, vscode-json-languageserver-bin, yaml-language-server
[I 2024-10-19 18:41:24.226 ServerApp] Interrupted...
